[2019/05/03 15:23:24.802] - Starting server (version 2.0.0) with initial configuration: {"gasLimit":6721975,"gasPrice":20000000000,"hardfork":"petersburg","db_path":"/Users/guofes/Library/Application Support/Ganache/workspaces/vivacious-farmer/chaindata","default_balance_ether":100,"hostname":"127.0.0.1","locked":false,"network_id":5777,"port":7545,"total_accounts":10,"unlocked_accounts":[],"verbose":false,"vmErrorsOnRPCResponse":true,"logDirectory":"/Users/guofes/Desktop/bishe/test"}
[2019/05/03 15:23:24.855] - eth_subscribe
[2019/05/03 15:23:24.856] - eth_getLogs
[2019/05/03 15:23:24.857] - eth_subscribe
[2019/05/03 15:23:24.865] - eth_blockNumber
[2019/05/03 15:23:24.865] - eth_accounts
[2019/05/03 15:23:24.866] - eth_gasPrice
[2019/05/03 15:23:24.866] - eth_getBlockByNumber
[2019/05/03 15:23:24.867] - eth_subscribe
[2019/05/03 15:23:24.880] - eth_accounts
[2019/05/03 15:23:24.888] - eth_getBalance
[2019/05/03 15:23:24.890] - eth_getTransactionCount
[2019/05/03 15:23:24.891] - eth_getBalance
[2019/05/03 15:23:24.896] - eth_getTransactionCount
[2019/05/03 15:23:24.898] - eth_getBalance
[2019/05/03 15:23:24.899] - eth_getTransactionCount
[2019/05/03 15:23:24.901] - eth_getBalance
[2019/05/03 15:23:24.902] - eth_getTransactionCount
[2019/05/03 15:23:24.903] - eth_getBalance
[2019/05/03 15:23:24.909] - eth_getTransactionCount
[2019/05/03 15:23:24.909] - eth_getBalance
[2019/05/03 15:23:24.911] - eth_getTransactionCount
[2019/05/03 15:23:24.912] - eth_getBalance
[2019/05/03 15:23:24.913] - eth_getTransactionCount
[2019/05/03 15:23:24.914] - eth_getBalance
[2019/05/03 15:23:24.916] - eth_getTransactionCount
[2019/05/03 15:23:24.918] - eth_getBalance
[2019/05/03 15:23:24.919] - eth_getTransactionCount
[2019/05/03 15:23:24.920] - eth_getBalance
[2019/05/03 15:23:24.922] - eth_getTransactionCount
[2019/05/03 15:23:24.934] - eth_getBalance
[2019/05/03 15:23:24.935] - eth_getTransactionCount
[2019/05/03 15:23:24.935] - eth_getBalance
[2019/05/03 15:23:24.938] - eth_getTransactionCount
[2019/05/03 15:23:24.938] - eth_getBalance
[2019/05/03 15:23:24.940] - eth_getTransactionCount
[2019/05/03 15:23:24.941] - eth_getBalance
[2019/05/03 15:23:24.941] - eth_getTransactionCount
[2019/05/03 15:23:24.942] - eth_getBalance
[2019/05/03 15:23:24.943] - eth_getTransactionCount
[2019/05/03 15:23:24.945] - eth_getBalance
[2019/05/03 15:23:24.946] - eth_getTransactionCount
[2019/05/03 15:23:24.947] - eth_getBalance
[2019/05/03 15:23:24.947] - eth_getTransactionCount
[2019/05/03 15:23:24.948] - eth_getBalance
[2019/05/03 15:23:24.949] - eth_getTransactionCount
[2019/05/03 15:23:24.951] - eth_getBalance
[2019/05/03 15:23:24.951] - eth_getTransactionCount
[2019/05/03 15:23:24.952] - eth_getBalance
[2019/05/03 15:23:24.953] - eth_getTransactionCount
[2019/05/03 15:23:38.967] - eth_blockNumber
[2019/05/03 15:23:58.985] - eth_blockNumber
[2019/05/03 15:24:16.578] - net_version
[2019/05/03 15:24:18.997] - eth_blockNumber
[2019/05/03 15:24:39.013] - eth_blockNumber
[2019/05/03 15:24:59.024] - eth_blockNumber
[2019/05/03 15:25:19.038] - eth_blockNumber
[2019/05/03 15:25:39.048] - eth_blockNumber
[2019/05/03 15:25:59.061] - eth_blockNumber
[2019/05/03 15:25:59.546] - net_version
[2019/05/03 15:26:19.077] - eth_blockNumber
[2019/05/03 15:26:27.381] - eth_unsubscribe
[2019/05/03 15:26:27.381] - eth_unsubscribe
[2019/05/03 15:26:27.384] - Warning: stopMining called when miner was already stopped
