Ganache CLI v6.2.1 (ganache-core: 2.3.1)

Available Accounts
==================
(0) 0x94b09a6a03ab7901afd796e7b47dddfae9280381 (~100 ETH)
(1) 0x0b9adb5c15be5abc1581660505ee2ca766687b7d (~100 ETH)
(2) 0xd320721117bb1b88214b65d33f96208c5ffe4c49 (~100 ETH)
(3) 0x8b37918ec51a82b2cb94ece7267de9339ce35278 (~100 ETH)
(4) 0xe87bf449818098f99ea65168a1def911dc4a0280 (~100 ETH)
(5) 0xa3025c8877efb2a2ffc73426e80aedd316cc82d9 (~100 ETH)
(6) 0x045042657b717d572254f0adbf9e5d7ee05be509 (~100 ETH)
(7) 0x4086858b12fcff47d9c8e6ac5d29b3a5cdce57a3 (~100 ETH)
(8) 0x5444e141bc225fa202b2c8353d3a46df67fa435a (~100 ETH)
(9) 0x75077012aa0ab46cdafd154fd1e0f0cf686a33ae (~100 ETH)

Private Keys
==================
(0) 0x5a55a87910244d6b937acf49baa253ab1e41131de93b65ed76dd753ba6f263e6
(1) 0xbc5cb48a8842ee5a44798bf06c5533fde1a40d94903238715884e9df0c7493fa
(2) 0x828857377cdf93e744c805b5d65242ae485d88bb4b0a7b6c9e40769b165dad5d
(3) 0xc7c76f594a7b75f9223eb2e7f5cabf77653b9497a9180af9a4fe81eaedf95bd4
(4) 0xfa53897760d1f993cbaed93aca3d55be9cf76fd4e03a88454ccc49b96c68d8b1
(5) 0xa389858f73ad4b14fe76c3a46adf3838ad795ebb782a4be26fbeb44d632d938d
(6) 0xfd602617c641be684d5501eb6356db3c374576d91bacd74fb22227e2376b950e
(7) 0x94c976f84c2cbad0b0b07e58513293075e40ce604ace13ad765f462af782cc99
(8) 0x4178624aa114a4ccec206d7f2f12e471350196248547ccb1767fd90eb09308e8
(9) 0x3b17a1073917e4053ed1f15049573e8c245543326e805bb78dde196b55d8b3fa

HD Wallet
==================
Mnemonic:      inflict frozen steak loan large noise hole polar together comic sting media
Base HD Path:  m/44'/60'/0'/0/{account_index}

Gas Price
==================
20000000000

Gas Limit
==================
6721975

Listening on 127.0.0.1:7545
eth_blockNumber
eth_getBlockByNumber
net_version
eth_accounts
eth_accounts
net_version
net_version
eth_sendTransaction

  Transaction: 0x81c4e6a104c2a9ac042ddce2a8d24001f2a5cb05e524722da15987aaa9ffee76
  Contract created: 0x8743e99415ae4052e0e63de70be102d75a5c9ef5
  Gas usage: 277462
  Block Number: 1
  Block Time: Wed Dec 26 2018 00:15:27 GMT+0800 (CST)

eth_newBlockFilter
eth_getFilterChanges
eth_getTransactionReceipt
eth_getCode
eth_uninstallFilter
eth_sendTransaction

  Transaction: 0x147602a505d4c81e45685e6b1a591e5e69e2b82c3719a73a386df1062dc0570c
  Gas usage: 42008
  Block Number: 2
  Block Time: Wed Dec 26 2018 00:15:27 GMT+0800 (CST)

eth_getTransactionReceipt
eth_accounts
net_version
net_version
eth_sendTransaction

  Transaction: 0x7ba22a1a82aaf533746711711f091dd9671715067d5b54d56dbfbf1a5a2f9c5d
  Contract created: 0xbc2e5b01fc2d3d2948f8b43527e98323aa079b22
  Gas usage: 848706
  Block Number: 3
  Block Time: Wed Dec 26 2018 00:15:27 GMT+0800 (CST)

eth_newBlockFilter
eth_getFilterChanges
eth_getTransactionReceipt
eth_getCode
eth_uninstallFilter
eth_sendTransaction

  Transaction: 0x1fa1902d672c88e11b0758fb93f3a7465cb3c4a79a0272c000055af956f36aab
  Gas usage: 27008
  Block Number: 4
  Block Time: Wed Dec 26 2018 00:15:28 GMT+0800 (CST)

eth_getTransactionReceipt
eth_getBlockByNumber
eth_blockNumber
eth_getBlockByNumber
eth_getBalance
eth_getTransactionCount
eth_getBlockByNumber
eth_blockNumber
eth_blockNumber
net_version
eth_getBlockByNumber
eth_getBlockByNumber
eth_getBalance
eth_getBalance
eth_getBalance
eth_getBalance
eth_getBlockByNumber
eth_getBalance
eth_getBalance
eth_getBalance
eth_getBalance
eth_getBlockByNumber
eth_getBlockByNumber
eth_blockNumber
eth_getTransactionReceipt
eth_blockNumber
eth_blockNumber
eth_blockNumber
eth_blockNumber
eth_blockNumber
eth_blockNumber
eth_blockNumber
eth_getBlockByNumber
eth_blockNumber
net_version
eth_getBlockByNumber
eth_getCode
eth_estimateGas
eth_getBalance
eth_getBalance
eth_getBalance
eth_getBalance
eth_blockNumber
eth_getTransactionCount
eth_getTransactionCount
eth_blockNumber
eth_blockNumber
eth_blockNumber
eth_blockNumber
eth_blockNumber
eth_blockNumber
eth_getBlockByNumber
eth_blockNumber
eth_blockNumber
eth_blockNumber
eth_blockNumber
eth_getBalance
eth_getBalance
eth_getBalance
eth_getBalance
eth_blockNumber
eth_getTransactionCount
eth_blockNumber
eth_blockNumber
eth_getBalance
eth_getBalance
eth_getBalance
eth_getBalance
eth_blockNumber
eth_blockNumber
eth_blockNumber
eth_blockNumber
eth_blockNumber
eth_blockNumber
eth_blockNumber
eth_blockNumber
eth_blockNumber
eth_blockNumber
eth_blockNumber
eth_blockNumber
eth_blockNumber
eth_blockNumber
eth_blockNumber
eth_blockNumber
eth_blockNumber
eth_blockNumber
eth_blockNumber
eth_blockNumber
eth_blockNumber
eth_blockNumber
eth_getCode
eth_getCode
eth_call
eth_call
eth_call
eth_call
eth_blockNumber
eth_blockNumber
eth_getTransactionCount
eth_sendRawTransaction

  Transaction: 0x8ab803c4d39839b57e22e985ec1edd656e44f19075b69907ab23f893677f5ac2
  Gas usage: 124793
  Block Number: 5
  Block Time: Wed Dec 26 2018 00:16:53 GMT+0800 (CST)

eth_getTransactionByHash
eth_blockNumber
eth_getBlockByNumber
eth_getTransactionCount
eth_blockNumber
eth_getBlockByNumber
eth_getBlockByNumber
eth_getBlockByNumber
eth_getBlockByNumber
eth_getTransactionReceipt
eth_getTransactionByHash
eth_getBalance
eth_getBalance
eth_getBalance
eth_getBalance
eth_getBlockByNumber
eth_getTransactionReceipt
net_version
eth_blockNumber
net_version
eth_getBlockByNumber
eth_getBlockByNumber
eth_getBlockByNumber
eth_getBlockByNumber
eth_getBlockByNumber
eth_getBlockByNumber
eth_blockNumber
eth_blockNumber
eth_blockNumber
eth_blockNumber
eth_getBalance
eth_getBalance
eth_getBalance
eth_getBalance
eth_blockNumber
eth_blockNumber
eth_blockNumber
eth_blockNumber
eth_blockNumber
eth_blockNumber
eth_blockNumber
eth_blockNumber
eth_blockNumber
eth_blockNumber
eth_blockNumber
eth_blockNumber
eth_blockNumber
eth_blockNumber
eth_blockNumber
eth_getBalance
eth_getBalance
eth_getBalance
eth_getBalance
eth_blockNumber
eth_blockNumber
eth_getBalance
eth_getBalance
eth_getBalance
eth_getBalance
eth_blockNumber
eth_getBalance
eth_getBalance
eth_getBalance
eth_getBalance
eth_blockNumber
eth_blockNumber
eth_blockNumber
eth_blockNumber
eth_blockNumber
eth_getCode
eth_call
eth_call
eth_blockNumber
eth_getCode
eth_call
eth_call
eth_blockNumber
eth_blockNumber
eth_blockNumber
eth_getTransactionCount
eth_sendRawTransaction

  Transaction: 0x4f937d0e9c56f30d32c50e2b46da9790374e2bea683d232296a75285009851bd
  Gas usage: 69850
  Block Number: 6
  Block Time: Wed Dec 26 2018 00:18:43 GMT+0800 (CST)

eth_getTransactionByHash
eth_blockNumber
eth_getBlockByNumber
eth_getBlockByNumber
eth_getTransactionReceipt
eth_getTransactionByHash
eth_getBalance
eth_getBalance
eth_getBalance
eth_getBalance
eth_getTransactionReceipt
net_version
eth_blockNumber
net_version
eth_getBlockByNumber
eth_getBlockByNumber
eth_getBlockByNumber
eth_getBlockByNumber
eth_getBlockByNumber
eth_getBlockByNumber
eth_getBlockByNumber
eth_blockNumber
eth_blockNumber
eth_blockNumber
eth_blockNumber
eth_blockNumber
eth_blockNumber
eth_blockNumber
eth_getBalance
eth_getBalance
eth_getBalance
eth_getBalance
eth_getTransactionCount
eth_blockNumber
eth_blockNumber
eth_blockNumber
eth_blockNumber
eth_blockNumber
eth_blockNumber
eth_blockNumber
eth_getCode
eth_blockNumber
eth_call
eth_call
eth_blockNumber
eth_blockNumber
eth_blockNumber
eth_blockNumber
eth_blockNumber
eth_getTransactionCount
eth_blockNumber
eth_blockNumber
eth_blockNumber
eth_blockNumber
eth_blockNumber
eth_blockNumber
eth_blockNumber
eth_blockNumber
eth_blockNumber
eth_blockNumber
eth_blockNumber
eth_blockNumber
eth_blockNumber
eth_blockNumber
eth_blockNumber
eth_blockNumber
eth_blockNumber
eth_blockNumber
eth_blockNumber
eth_blockNumber
eth_blockNumber
eth_blockNumber
eth_blockNumber
eth_blockNumber
eth_blockNumber
eth_blockNumber
eth_blockNumber
eth_blockNumber
eth_blockNumber
eth_blockNumber
eth_blockNumber
eth_blockNumber
eth_blockNumber
eth_blockNumber
eth_blockNumber
eth_blockNumber
eth_blockNumber
eth_blockNumber
eth_blockNumber
eth_blockNumber
eth_blockNumber
eth_blockNumber
eth_blockNumber
eth_blockNumber
eth_blockNumber
eth_blockNumber
eth_blockNumber
eth_blockNumber
eth_blockNumber
eth_blockNumber
eth_blockNumber
eth_blockNumber
eth_blockNumber
eth_blockNumber
eth_blockNumber
eth_blockNumber
eth_blockNumber
eth_blockNumber
eth_blockNumber
eth_blockNumber
eth_blockNumber
eth_blockNumber
eth_blockNumber
eth_blockNumber
eth_blockNumber
eth_blockNumber
net_version
eth_getBlockByNumber
eth_getBlockByNumber
eth_getBalance
eth_getBalance
eth_getBalance
eth_getBalance
eth_blockNumber
net_version
eth_getBlockByNumber
eth_getBlockByNumber
eth_getBalance
eth_getBalance
eth_getBalance
eth_getBalance
eth_getBalance
eth_getBalance
eth_getBalance
eth_getBalance
eth_blockNumber
eth_blockNumber
eth_blockNumber
eth_blockNumber
eth_blockNumber
net_version
eth_getBlockByNumber
eth_getBlockByNumber
eth_getBalance
eth_getBalance
eth_getBalance
eth_getBalance
eth_getBalance
eth_getBalance
eth_getBalance
eth_getBalance
eth_blockNumber
eth_blockNumber
eth_blockNumber
eth_blockNumber
eth_blockNumber
eth_blockNumber
eth_blockNumber
eth_blockNumber
eth_blockNumber
eth_blockNumber
eth_blockNumber
eth_blockNumber
eth_blockNumber
eth_blockNumber
eth_blockNumber
eth_blockNumber
eth_blockNumber
eth_blockNumber
eth_blockNumber
eth_blockNumber
eth_blockNumber
eth_blockNumber
eth_blockNumber
eth_blockNumber
eth_blockNumber
eth_getBalance
eth_getBalance
eth_getBalance
eth_getBalance
eth_blockNumber
eth_blockNumber
eth_blockNumber
eth_blockNumber
eth_blockNumber
net_version
eth_getBlockByNumber
eth_getCode
eth_estimateGas
eth_getBalance
eth_getBalance
eth_getBalance
eth_getBalance
eth_blockNumber
eth_getTransactionCount
eth_blockNumber
eth_blockNumber
eth_blockNumber
eth_blockNumber
eth_blockNumber
eth_getCode
eth_call
eth_blockNumber
eth_call
eth_blockNumber
eth_getTransactionCount
eth_sendRawTransaction

  Transaction: 0x5307669670484ed320bfc976dc1dd01ed3dc3c3b5d52de0482b004e5275ecf3a
  Gas usage: 84850
  Block Number: 7
  Block Time: Wed Dec 26 2018 00:21:50 GMT+0800 (CST)

eth_getTransactionByHash
eth_getTransactionReceipt
eth_blockNumber
eth_blockNumber
eth_getTransactionCount
eth_getBlockByNumber
eth_getBlockByNumber
eth_getTransactionReceipt
eth_getTransactionByHash
eth_getBalance
eth_getBalance
eth_getBalance
eth_getBalance
eth_getTransactionReceipt
eth_getBlockByNumber
eth_blockNumber
eth_getBalance
eth_getBalance
eth_getBalance
eth_getBalance
eth_getTransactionCount
eth_blockNumber
eth_blockNumber
eth_blockNumber
eth_blockNumber
eth_blockNumber
eth_call
eth_call
eth_blockNumber
eth_blockNumber
eth_blockNumber
eth_blockNumber
eth_blockNumber
eth_blockNumber
eth_blockNumber
eth_blockNumber
eth_blockNumber
eth_blockNumber
eth_blockNumber
eth_blockNumber
eth_blockNumber
eth_blockNumber
eth_getTransactionCount
eth_sendRawTransaction
eth_blockNumber
eth_blockNumber
eth_blockNumber
eth_blockNumber
eth_blockNumber
eth_blockNumber
eth_blockNumber
eth_blockNumber
eth_blockNumber
eth_blockNumber
eth_blockNumber
eth_blockNumber
eth_blockNumber
eth_blockNumber
eth_blockNumber
eth_blockNumber
eth_blockNumber
eth_blockNumber
eth_blockNumber
eth_blockNumber
eth_blockNumber
eth_blockNumber
eth_blockNumber
eth_blockNumber
eth_blockNumber
eth_blockNumber
eth_blockNumber
eth_blockNumber
eth_blockNumber
eth_blockNumber
eth_blockNumber
net_version
eth_getBlockByNumber
eth_getCode
eth_estimateGas
eth_blockNumber
eth_getBalance
eth_getBalance
eth_getBalance
eth_getBalance
eth_blockNumber
eth_getTransactionCount
eth_getCode
eth_call
eth_call
eth_blockNumber
eth_getTransactionCount
eth_blockNumber
eth_sendRawTransaction

  Transaction: 0x421ae474898718f9f005ae8b3e6daf65e3d4347e46f6107c0d8ace9a8bb709f3
  Gas usage: 69850
  Block Number: 8
  Block Time: Wed Dec 26 2018 00:22:45 GMT+0800 (CST)

eth_getTransactionByHash
eth_getTransactionReceipt
eth_blockNumber
eth_blockNumber
eth_getTransactionCount
eth_getBlockByNumber
eth_getTransactionReceipt
eth_getTransactionByHash
eth_getBlockByNumber
eth_getTransactionReceipt
eth_getBalance
eth_getBalance
eth_getBalance
eth_getBalance
eth_blockNumber
eth_getTransactionCount
eth_blockNumber
eth_call
eth_call
eth_blockNumber
eth_getTransactionCount
eth_sendRawTransaction
eth_blockNumber
eth_blockNumber
eth_blockNumber
eth_blockNumber
eth_blockNumber
eth_blockNumber
eth_blockNumber
eth_blockNumber
eth_blockNumber
eth_blockNumber
eth_blockNumber
eth_blockNumber
eth_blockNumber
eth_blockNumber
eth_blockNumber
eth_blockNumber
eth_blockNumber
eth_blockNumber
eth_blockNumber
eth_blockNumber
eth_blockNumber
eth_blockNumber
eth_blockNumber
eth_blockNumber
eth_blockNumber
eth_blockNumber
eth_blockNumber
eth_blockNumber
eth_blockNumber
eth_blockNumber
eth_blockNumber
eth_blockNumber
eth_blockNumber
eth_blockNumber
eth_blockNumber
eth_blockNumber
eth_blockNumber
eth_blockNumber
eth_blockNumber
eth_blockNumber
eth_blockNumber
eth_blockNumber
eth_blockNumber
eth_blockNumber
eth_blockNumber
eth_blockNumber
eth_blockNumber
net_version
eth_getBlockByNumber
eth_getCode
eth_estimateGas
eth_getBalance
eth_getBalance
eth_getBalance
eth_getBalance
eth_blockNumber
eth_getTransactionCount
eth_blockNumber
eth_getCode
eth_call
eth_call
eth_blockNumber
eth_getTransactionCount
eth_blockNumber
eth_sendRawTransaction

  Transaction: 0xc2a5d0830e1909177281985ea5b06e674f84976e5fa31348d68b7da560a8642d
  Gas usage: 84850
  Block Number: 9
  Block Time: Wed Dec 26 2018 00:23:41 GMT+0800 (CST)

eth_getTransactionByHash
eth_getTransactionReceipt
eth_blockNumber
eth_blockNumber
eth_getTransactionCount
eth_getBlockByNumber
eth_getTransactionReceipt
eth_getTransactionByHash
eth_getTransactionReceipt
eth_getBlockByNumber
eth_getBalance
eth_getBalance
eth_getBalance
eth_getBalance
eth_blockNumber
eth_getTransactionCount
eth_call
eth_blockNumber
eth_call
eth_getTransactionCount
eth_sendRawTransaction

  Transaction: 0x03a12a3655de148c84da0244833dcd08dc24be4b65cb2f11f8932ba2dcb94526
  Contract created: 0x6bd23c8f62705dd73308dd3846f9e28e8ce7c451
  Gas usage: 1183740
  Block Number: 10
  Block Time: Wed Dec 26 2018 00:23:44 GMT+0800 (CST)

eth_getTransactionByHash
eth_blockNumber
eth_blockNumber
eth_getTransactionCount
eth_getBlockByNumber
eth_getBlockByNumber
eth_getTransactionReceipt
eth_getTransactionByHash
eth_getTransactionReceipt
eth_getTransactionReceipt
eth_getCode
eth_getBlockByNumber
eth_getCode
eth_estimateGas
eth_getBalance
eth_getBalance
eth_getBalance
eth_getBalance
eth_getTransactionCount
eth_blockNumber
eth_blockNumber
eth_blockNumber
eth_blockNumber
eth_blockNumber
eth_blockNumber
eth_blockNumber
eth_blockNumber
eth_blockNumber
eth_blockNumber
eth_blockNumber
eth_blockNumber
eth_blockNumber
eth_blockNumber
eth_blockNumber
eth_blockNumber
eth_blockNumber
eth_getBalance
eth_getBalance
eth_getBalance
eth_getBalance
eth_blockNumber
eth_getTransactionCount
eth_blockNumber
eth_getBalance
eth_getBalance
eth_getBalance
eth_getBalance
eth_blockNumber
eth_blockNumber
eth_blockNumber
eth_blockNumber
eth_blockNumber
eth_blockNumber
eth_getCode
eth_call
eth_call
eth_blockNumber
eth_blockNumber
eth_blockNumber
eth_getBalance
eth_getBalance
eth_getBalance
eth_getBalance
eth_getTransactionCount
eth_blockNumber
eth_blockNumber
eth_blockNumber
eth_getCode
eth_call
eth_call
eth_blockNumber
eth_blockNumber
eth_blockNumber
eth_getTransactionCount
eth_sendRawTransaction

  Transaction: 0x3e7e16ce84064b86542e5ae59c7b6f5a9ea40f78b553b2b85c0cb35de28ac12b
  Gas usage: 45026
  Block Number: 11
  Block Time: Wed Dec 26 2018 00:24:20 GMT+0800 (CST)

eth_getTransactionByHash
eth_getTransactionReceipt
eth_blockNumber
eth_getTransactionCount
eth_blockNumber
eth_blockNumber
eth_getBlockByNumber
eth_getBlockByNumber
eth_getTransactionReceipt
eth_getTransactionByHash
eth_getBalance
eth_getBalance
eth_getBalance
eth_getBalance
eth_getTransactionReceipt
eth_getBalance
eth_getBalance
eth_getBalance
eth_getBalance
eth_blockNumber
net_version
eth_call
eth_call
eth_call
eth_blockNumber
eth_blockNumber
eth_blockNumber
eth_blockNumber
eth_blockNumber
eth_getBalance
eth_getBalance
eth_getBalance
eth_getBalance
eth_blockNumber
eth_getTransactionCount
eth_blockNumber
eth_blockNumber
eth_blockNumber
eth_getCode
eth_getCode
eth_blockNumber
eth_blockNumber
eth_blockNumber
eth_blockNumber
eth_blockNumber
eth_blockNumber
eth_blockNumber
eth_blockNumber
eth_blockNumber
eth_blockNumber
eth_blockNumber
eth_blockNumber
eth_blockNumber
eth_blockNumber
eth_blockNumber
eth_blockNumber
eth_blockNumber
eth_blockNumber
eth_blockNumber
eth_blockNumber
eth_blockNumber
eth_blockNumber
eth_blockNumber
eth_blockNumber
eth_blockNumber
eth_blockNumber
eth_blockNumber
eth_blockNumber
eth_blockNumber
eth_blockNumber
eth_blockNumber
eth_blockNumber
eth_blockNumber
eth_blockNumber
eth_blockNumber
eth_blockNumber
eth_blockNumber
eth_blockNumber
eth_blockNumber
eth_blockNumber
eth_blockNumber
eth_blockNumber
eth_blockNumber
eth_blockNumber
eth_blockNumber
eth_blockNumber
eth_blockNumber
eth_blockNumber
eth_blockNumber
eth_blockNumber
eth_blockNumber
eth_blockNumber
eth_blockNumber
eth_blockNumber
eth_blockNumber
eth_blockNumber
eth_blockNumber
eth_blockNumber
eth_blockNumber
eth_blockNumber
eth_blockNumber
eth_blockNumber
eth_blockNumber
eth_blockNumber
eth_blockNumber
eth_blockNumber
eth_blockNumber
eth_blockNumber
eth_blockNumber
eth_blockNumber
eth_blockNumber
eth_blockNumber
eth_blockNumber
eth_blockNumber
eth_blockNumber
eth_blockNumber
eth_blockNumber
eth_blockNumber
